0 info it worked if it ends with ok
1 verbose cli [ '/usr/bin/node', '/usr/bin/npm', 'start' ]
2 info using npm@1.4.28
3 info using node@v0.10.37
4 verbose node symlink /usr/bin/node
5 verbose run-script [ 'prestart', 'start', 'poststart' ]
6 info prestart mean-seed@1.0.0
7 verbose unsafe-perm in lifecycle true
8 info mean-seed@1.0.0 Failed to exec prestart script
9 error mean-seed@1.0.0 prestart: `gulp`
9 error Exit status 8
10 error Failed at the mean-seed@1.0.0 prestart script.
10 error This is most likely a problem with the mean-seed package,
10 error not with npm itself.
10 error Tell the author that this fails on your system:
10 error     gulp
10 error You can get their info via:
10 error     npm owner ls mean-seed
10 error There is likely additional logging output above.
11 error System Linux 3.13.0-46-generic
12 error command "/usr/bin/node" "/usr/bin/npm" "start"
13 error cwd /home/projetos/mean-seed
14 error node -v v0.10.37
15 error npm -v 1.4.28
16 error code ELIFECYCLE
17 verbose exit [ 1, true ]
